<?xml version="1.0" encoding="UTF-8"?>
<testsuite name="com.h2app.H2appApplicationTests" tests="1" skipped="0" failures="0" errors="0" timestamp="2020-12-14T06:58:56" hostname="Durrabs-MacBook-Pro.local" time="0.121">
  <properties/>
  <testcase name="contextLoads()" classname="com.h2app.H2appApplicationTests" time="0.121"/>
  <system-out><![CDATA[22:58:49.487 [Test worker] DEBUG org.springframework.test.context.BootstrapUtils - Instantiating CacheAwareContextLoaderDelegate from class [org.springframework.test.context.cache.DefaultCacheAwareContextLoaderDelegate]
22:58:49.504 [Test worker] DEBUG org.springframework.test.context.BootstrapUtils - Instantiating BootstrapContext using constructor [public org.springframework.test.context.support.DefaultBootstrapContext(java.lang.Class,org.springframework.test.context.CacheAwareContextLoaderDelegate)]
22:58:49.535 [Test worker] DEBUG org.springframework.test.context.BootstrapUtils - Instantiating TestContextBootstrapper for test class [com.h2app.H2appApplicationTests] from class [org.springframework.boot.test.context.SpringBootTestContextBootstrapper]
22:58:49.554 [Test worker] INFO org.springframework.boot.test.context.SpringBootTestContextBootstrapper - Neither @ContextConfiguration nor @ContextHierarchy found for test class [com.h2app.H2appApplicationTests], using SpringBootContextLoader
22:58:49.559 [Test worker] DEBUG org.springframework.test.context.support.AbstractContextLoader - Did not detect default resource location for test class [com.h2app.H2appApplicationTests]: class path resource [com/h2app/H2appApplicationTests-context.xml] does not exist
22:58:49.561 [Test worker] DEBUG org.springframework.test.context.support.AbstractContextLoader - Did not detect default resource location for test class [com.h2app.H2appApplicationTests]: class path resource [com/h2app/H2appApplicationTestsContext.groovy] does not exist
22:58:49.562 [Test worker] INFO org.springframework.test.context.support.AbstractContextLoader - Could not detect default resource locations for test class [com.h2app.H2appApplicationTests]: no resource found for suffixes {-context.xml, Context.groovy}.
22:58:49.563 [Test worker] INFO org.springframework.test.context.support.AnnotationConfigContextLoaderUtils - Could not detect default configuration classes for test class [com.h2app.H2appApplicationTests]: H2appApplicationTests does not declare any static, non-private, non-final, nested classes annotated with @Configuration.
22:58:49.612 [Test worker] DEBUG org.springframework.test.context.support.ActiveProfilesUtils - Could not find an 'annotation declaring class' for annotation type [org.springframework.test.context.ActiveProfiles] and class [com.h2app.H2appApplicationTests]
22:58:49.678 [Test worker] DEBUG org.springframework.context.annotation.ClassPathScanningCandidateComponentProvider - Identified candidate component class: file [/Users/durrab/eclipse-workspace/h2app/build/classes/java/main/com/h2app/H2appApplication.class]
22:58:49.679 [Test worker] INFO org.springframework.boot.test.context.SpringBootTestContextBootstrapper - Found @SpringBootConfiguration com.h2app.H2appApplication for test class com.h2app.H2appApplicationTests
22:58:49.805 [Test worker] DEBUG org.springframework.boot.test.context.SpringBootTestContextBootstrapper - @TestExecutionListeners is not present for class [com.h2app.H2appApplicationTests]: using defaults.
22:58:49.805 [Test worker] INFO org.springframework.boot.test.context.SpringBootTestContextBootstrapper - Loaded default TestExecutionListener class names from location [META-INF/spring.factories]: [org.springframework.boot.test.autoconfigure.restdocs.RestDocsTestExecutionListener, org.springframework.boot.test.autoconfigure.web.client.MockRestServiceServerResetTestExecutionListener, org.springframework.boot.test.autoconfigure.web.servlet.MockMvcPrintOnlyOnFailureTestExecutionListener, org.springframework.boot.test.autoconfigure.web.servlet.WebDriverTestExecutionListener, org.springframework.boot.test.autoconfigure.webservices.client.MockWebServiceServerTestExecutionListener, org.springframework.boot.test.mock.mockito.MockitoTestExecutionListener, org.springframework.boot.test.mock.mockito.ResetMocksTestExecutionListener, org.springframework.test.context.web.ServletTestExecutionListener, org.springframework.test.context.support.DirtiesContextBeforeModesTestExecutionListener, org.springframework.test.context.support.DependencyInjectionTestExecutionListener, org.springframework.test.context.support.DirtiesContextTestExecutionListener, org.springframework.test.context.transaction.TransactionalTestExecutionListener, org.springframework.test.context.jdbc.SqlScriptsTestExecutionListener, org.springframework.test.context.event.EventPublishingTestExecutionListener]
22:58:49.824 [Test worker] INFO org.springframework.boot.test.context.SpringBootTestContextBootstrapper - Using TestExecutionListeners: [org.springframework.test.context.web.ServletTestExecutionListener@5e600f3c, org.springframework.test.context.support.DirtiesContextBeforeModesTestExecutionListener@fbe9fc0b, org.springframework.boot.test.mock.mockito.MockitoTestExecutionListener@e03f6e56, org.springframework.boot.test.autoconfigure.SpringBootDependencyInjectionTestExecutionListener@7b6f77a0, org.springframework.test.context.support.DirtiesContextTestExecutionListener@2a2c867c, org.springframework.test.context.transaction.TransactionalTestExecutionListener@a28a5c50, org.springframework.test.context.jdbc.SqlScriptsTestExecutionListener@580a0382, org.springframework.test.context.event.EventPublishingTestExecutionListener@9e2baf8e, org.springframework.boot.test.autoconfigure.restdocs.RestDocsTestExecutionListener@b8331856, org.springframework.boot.test.autoconfigure.web.client.MockRestServiceServerResetTestExecutionListener@ee4e7a94, org.springframework.boot.test.autoconfigure.web.servlet.MockMvcPrintOnlyOnFailureTestExecutionListener@98c047bd, org.springframework.boot.test.autoconfigure.web.servlet.WebDriverTestExecutionListener@ee7a2f28, org.springframework.boot.test.autoconfigure.webservices.client.MockWebServiceServerTestExecutionListener@62b26529, org.springframework.boot.test.mock.mockito.ResetMocksTestExecutionListener@c04eea13]
22:58:49.831 [Test worker] DEBUG org.springframework.test.context.support.AbstractDirtiesContextTestExecutionListener - Before test class: context [DefaultTestContext@bcbbda54 testClass = H2appApplicationTests, testInstance = [null], testMethod = [null], testException = [null], mergedContextConfiguration = [WebMergedContextConfiguration@5a9de634 testClass = H2appApplicationTests, locations = '{}', classes = '{class com.h2app.H2appApplication}', contextInitializerClasses = '[]', activeProfiles = '{}', propertySourceLocations = '{}', propertySourceProperties = '{org.springframework.boot.test.context.SpringBootTestContextBootstrapper=true}', contextCustomizers = set[org.springframework.boot.test.autoconfigure.properties.PropertyMappingContextCustomizer@0, org.springframework.boot.test.autoconfigure.web.servlet.WebDriverContextCustomizerFactory$Customizer@c97ddd1, org.springframework.boot.test.context.filter.ExcludeFilterContextCustomizer@f89b11fd, org.springframework.boot.test.json.DuplicateJsonObjectContextCustomizerFactory$DuplicateJsonObjectContextCustomizer@bf4472d0, org.springframework.boot.test.mock.mockito.MockitoContextCustomizer@0, org.springframework.boot.test.web.client.TestRestTemplateContextCustomizer@f83e8c7e, org.springframework.boot.test.context.SpringBootTestArgs@1], resourceBasePath = 'src/main/webapp', contextLoader = 'org.springframework.boot.test.context.SpringBootContextLoader', parent = [null]], attributes = map['org.springframework.test.context.web.ServletTestExecutionListener.activateListener' -> true]], class annotated with @DirtiesContext [false] with mode [null].
22:58:49.861 [Test worker] DEBUG org.springframework.test.context.support.TestPropertySourceUtils - Adding inlined properties to environment: {spring.jmx.enabled=false, org.springframework.boot.test.context.SpringBootTestContextBootstrapper=true}

  .   ____          _            __ _ _
 /\\ / ___'_ __ _ _(_)_ __  __ _ \ \ \ \
( ( )\___ | '_ | '_| | '_ \/ _` | \ \ \ \
 \\/  ___)| |_)| | | | | || (_| |  ) ) ) )
  '  |____| .__|_| |_|_| |_\__, | / / / /
 =========|_|==============|___/=/_/_/_/
 :: Spring Boot ::        (v2.3.4.RELEASE)

2020-12-13 22:58:50.141  INFO 44443 --- [    Test worker] com.h2app.H2appApplicationTests          : Starting H2appApplicationTests on Durrabs-MacBook-Pro.local with PID 44443 (started by durrab in /Users/durrab/eclipse-workspace/h2app)
2020-12-13 22:58:50.143  INFO 44443 --- [    Test worker] com.h2app.H2appApplicationTests          : No active profile set, falling back to default profiles: default
2020-12-13 22:58:50.953  INFO 44443 --- [    Test worker] .s.d.r.c.RepositoryConfigurationDelegate : Bootstrapping Spring Data JPA repositories in DEFAULT mode.
2020-12-13 22:58:51.097  INFO 44443 --- [    Test worker] .s.d.r.c.RepositoryConfigurationDelegate : Finished Spring Data repository scanning in 136ms. Found 2 JPA repository interfaces.
2020-12-13 22:58:51.547  INFO 44443 --- [    Test worker] trationDelegate$BeanPostProcessorChecker : Bean 'org.springframework.ws.config.annotation.DelegatingWsConfiguration' of type [org.springframework.ws.config.annotation.DelegatingWsConfiguration$$EnhancerBySpringCGLIB$$184c759d] is not eligible for getting processed by all BeanPostProcessors (for example: not eligible for auto-proxying)
2020-12-13 22:58:51.605  INFO 44443 --- [    Test worker] .w.s.a.s.AnnotationActionEndpointMapping : Supporting [WS-Addressing August 2004, WS-Addressing 1.0]
2020-12-13 22:58:51.796  INFO 44443 --- [    Test worker] com.zaxxer.hikari.HikariDataSource       : HikariPool-1 - Starting...
2020-12-13 22:58:51.969  INFO 44443 --- [    Test worker] com.zaxxer.hikari.HikariDataSource       : HikariPool-1 - Start completed.
2020-12-13 22:58:52.199  INFO 44443 --- [    Test worker] o.hibernate.jpa.internal.util.LogHelper  : HHH000204: Processing PersistenceUnitInfo [name: default]
2020-12-13 22:58:52.263  INFO 44443 --- [    Test worker] org.hibernate.Version                    : HHH000412: Hibernate ORM core version 5.4.21.Final
2020-12-13 22:58:52.426  INFO 44443 --- [    Test worker] o.hibernate.annotations.common.Version   : HCANN000001: Hibernate Commons Annotations {5.1.0.Final}
2020-12-13 22:58:52.553  INFO 44443 --- [    Test worker] org.hibernate.dialect.Dialect            : HHH000400: Using dialect: org.hibernate.dialect.H2Dialect
Hibernate: alter table location drop constraint if exists UK_7r13ypujirkwvf6hla5g0l0te
Hibernate: alter table location add constraint UK_7r13ypujirkwvf6hla5g0l0te unique (weather_id)
Hibernate: create sequence hibernate_sequence start with 1 increment by 1
Hibernate: alter table location add constraint FKtn1cgyg84pwrogbs3vxhtxr8x foreign key (weather_id) references weather
Hibernate: alter table weather add constraint FKhu6ybcv6b2oswe0tq5s27mcqf foreign key (location_id) references location
2020-12-13 22:58:53.368  INFO 44443 --- [    Test worker] o.h.e.t.j.p.i.JtaPlatformInitiator       : HHH000490: Using JtaPlatform implementation: [org.hibernate.engine.transaction.jta.platform.internal.NoJtaPlatform]
2020-12-13 22:58:53.378  INFO 44443 --- [    Test worker] j.LocalContainerEntityManagerFactoryBean : Initialized JPA EntityManagerFactory for persistence unit 'default'
JsonApiGatewayCaller Bean called
reverse function initialized
2020-12-13 22:58:55.444  WARN 44443 --- [    Test worker] JpaBaseConfiguration$JpaWebConfiguration : spring.jpa.open-in-view is enabled by default. Therefore, database queries may be performed during view rendering. Explicitly configure spring.jpa.open-in-view to disable this warning
2020-12-13 22:58:55.617  INFO 44443 --- [    Test worker] o.s.s.concurrent.ThreadPoolTaskExecutor  : Initializing ExecutorService 'applicationTaskExecutor'
2020-12-13 22:58:55.690  INFO 44443 --- [    Test worker] o.s.b.a.h2.H2ConsoleAutoConfiguration    : H2 console available at '/h2-console'. Database available at 'jdbc:h2:mem:demodb'
2020-12-13 22:58:56.387  INFO 44443 --- [    Test worker] o.s.c.f.web.mvc.FunctionHandlerMapping   : FunctionCatalog: org.springframework.cloud.function.context.catalog.BeanFactoryAwareFunctionRegistry@5efe8491
2020-12-13 22:58:56.425  INFO 44443 --- [    Test worker] com.h2app.H2appApplicationTests          : Started H2appApplicationTests in 6.553 seconds (JVM running for 7.805)
]]></system-out>
  <system-err><![CDATA[]]></system-err>
</testsuite>
